<?xml version="1.0" encoding="UTF-8"?>
<!-- Generated by org.testng.reporters.JUnitXMLReporter -->
<testsuite hostname="Nasatic-Acer" ignored="0" name="FoxTest" tests="5" failures="0" timestamp="22 May 2017 21:33:07 GMT" time="254.391" errors="0">
  <testcase name="feature" time="131.834" classname="cucumber.api.testng.AbstractTestNGCucumberTests"/>
  <testcase name="loginPage" time="56.045" classname="Runners.RunHomeAndLogin"/>
  <testcase name="homePage" time="18.824" classname="Runners.RunHomeAndLogin"/>
  <testcase name="orderPage" time="9.632" classname="Runners.RunHomeAndLogin"/>
  <testcase name="addressPage" time="31.028" classname="Runners.RunHomeAndLogin"/>
</testsuite> <!-- FoxTest -->
